<?xml version="1.0" encoding="UTF-8"?>
<Site BuildName="(empty)"
	BuildStamp="20250424-1153-Experimental"
	Name="shs-NUC12WSKi3"
	Generator="ctest-3.16.3"
	CompilerName="/usr/bin/g++"
	CompilerVersion="9.4.0"
	OSName="Linux"
	Hostname="shs-NUC12WSKi3"
	OSRelease="6.8.0-57-generic"
	OSVersion="#59~22.04.1-Ubuntu SMP PREEMPT_DYNAMIC Wed Mar 19 17:07:41 UTC 2"
	OSPlatform="x86_64"
	Is64Bits="1"
	VendorString="GenuineIntel"
	VendorID="Intel Corporation"
	FamilyID="6"
	ModelID="154"
	ProcessorCacheSize="12288"
	NumberOfLogicalCPU="12"
	NumberOfPhysicalCPU="10"
	TotalVirtualMemory="2047"
	TotalPhysicalMemory="15568"
	LogicalProcessorsPerPhysical="1"
	ProcessorClockFrequency="3100.16"
	>
	<Testing>
		<StartDateTime>Apr 24 12:14 UTC</StartDateTime>
		<StartTestTime>1745496852</StartTestTime>
		<TestList/>
		<EndDateTime>Apr 24 12:14 UTC</EndDateTime>
		<EndTestTime>1745496852</EndTestTime>
		<ElapsedMinutes>0</ElapsedMinutes>
	</Testing>
</Site>
